<?xml version="1.0" encoding="UTF-8"?>
<robot generator="Robot 6.0.2 (Python 3.10.6 on linux)" generated="20231010 01:24:29.004" rpa="false" schemaversion="3">
<suite id="s1" name="Sort By Lowest Price" source="/home/pablo/WorkSpace/Test-Travelex/tests/sort_by_lowest_price.robot">
<test id="s1-t1" name="Test Case 01 - Sort Products by Lowest Price and Verify Correct Order" line="10">
<kw name="Open the navegador" library="sort_by_lowest_price_resource" type="SETUP">
<kw name="Open Browser" library="SeleniumLibrary">
<arg>browser=${BROWSER}</arg>
<doc>Opens a new browser instance to the optional ``url``.</doc>
<msg timestamp="20231010 01:24:29.092" level="INFO">Opening browser 'chrome' to base url 'None'.</msg>
<msg timestamp="20231010 01:24:29.093" level="INFO">Executing: /home/pablo/.local/lib/python3.10/site-packages/selenium/webdriver/common/linux/selenium-manager --browser chrome --output json</msg>
<status status="PASS" starttime="20231010 01:24:29.092" endtime="20231010 01:24:30.776"/>
</kw>
<kw name="Maximize Browser Window" library="SeleniumLibrary">
<doc>Maximizes current browser window.</doc>
<status status="PASS" starttime="20231010 01:24:30.776" endtime="20231010 01:24:30.912"/>
</kw>
<status status="PASS" starttime="20231010 01:24:29.092" endtime="20231010 01:24:30.912"/>
</kw>
<kw name="Given that I am on the products page" library="sort_by_lowest_price_resource">
<kw name="Go To" library="SeleniumLibrary">
<arg>url=${URL}</arg>
<doc>Navigates the current browser window to the provided ``url``.</doc>
<msg timestamp="20231010 01:24:30.913" level="INFO">Opening url 'https://practice.automationtesting.in/shop/'</msg>
<status status="PASS" starttime="20231010 01:24:30.913" endtime="20231010 01:24:38.166"/>
</kw>
<kw name="Sleep" library="BuiltIn">
<arg>2s</arg>
<doc>Pauses the test executed for the given time.</doc>
<msg timestamp="20231010 01:24:40.167" level="INFO">Slept 2 seconds</msg>
<status status="PASS" starttime="20231010 01:24:38.167" endtime="20231010 01:24:40.167"/>
</kw>
<kw name="Wait Until Page Contains Element" library="SeleniumLibrary">
<arg>${PRODUCTS_CATEGORYS}</arg>
<doc>Waits until the element ``locator`` appears on the current page.</doc>
<status status="PASS" starttime="20231010 01:24:40.168" endtime="20231010 01:24:40.185"/>
</kw>
<status status="PASS" starttime="20231010 01:24:30.912" endtime="20231010 01:24:40.185"/>
</kw>
<kw name="When I choose the option to sort by ascending price" library="sort_by_lowest_price_resource">
<kw name="Click Element" library="SeleniumLibrary">
<arg>${ORDER_BY}</arg>
<doc>Click the element identified by ``locator``.</doc>
<msg timestamp="20231010 01:24:40.185" level="INFO">Clicking element 'xpath=//select[contains(@name,'orderby')]'.</msg>
<status status="PASS" starttime="20231010 01:24:40.185" endtime="20231010 01:24:40.219"/>
</kw>
<kw name="Wait Until Page Contains Element" library="SeleniumLibrary">
<arg>xpath=//*[@id="content"]/form/select/option[5]</arg>
<doc>Waits until the element ``locator`` appears on the current page.</doc>
<status status="PASS" starttime="20231010 01:24:40.219" endtime="20231010 01:24:40.227"/>
</kw>
<kw name="Click Element" library="SeleniumLibrary">
<arg>xpath=//*[@id="content"]/form/select/option[5]</arg>
<doc>Click the element identified by ``locator``.</doc>
<msg timestamp="20231010 01:24:40.227" level="INFO">Clicking element 'xpath=//*[@id="content"]/form/select/option[5]'.</msg>
<status status="PASS" starttime="20231010 01:24:40.227" endtime="20231010 01:24:44.150"/>
</kw>
<kw name="Sleep" library="BuiltIn">
<arg>2s</arg>
<doc>Pauses the test executed for the given time.</doc>
<msg timestamp="20231010 01:24:46.151" level="INFO">Slept 2 seconds</msg>
<status status="PASS" starttime="20231010 01:24:44.150" endtime="20231010 01:24:46.151"/>
</kw>
<status status="PASS" starttime="20231010 01:24:40.185" endtime="20231010 01:24:46.151"/>
</kw>
<kw name="Get Prices" library="sort_by_lowest_price_resource">
<var>${prices}</var>
<kw name="Create List" library="BuiltIn">
<var>${xpaths}</var>
<arg>//span[@class='woocommerce-Price-amount amount'][contains(.,'₹150.00')]</arg>
<arg>//span[@class='woocommerce-Price-amount amount'][contains(.,'₹180.00')]</arg>
<arg>//span[@class='woocommerce-Price-amount amount'][contains(.,'₹250.00')]</arg>
<arg>//span[@class='woocommerce-Price-amount amount'][contains(.,'₹280.00')]</arg>
<arg>(//span[@class='woocommerce-Price-amount amount'][contains(.,'₹450.00')])[2]</arg>
<arg>//span[@class='woocommerce-Price-amount amount'][contains(.,'₹350.00')]</arg>
<arg>//span[@class='woocommerce-Price-amount amount'][contains(.,'₹400.00')]</arg>
<arg>//span[@class='woocommerce-Price-amount amount'][contains(.,'₹500.00')]</arg>
<doc>Returns a list containing given items.</doc>
<msg timestamp="20231010 01:24:46.152" level="INFO">${xpaths} = ["//span[@class='woocommerce-Price-amount amount'][contains(.,'₹150.00')]", "//span[@class='woocommerce-Price-amount amount'][contains(.,'₹180.00')]", "//span[@class='woocommerce-Price-amount amount']...</msg>
<status status="PASS" starttime="20231010 01:24:46.151" endtime="20231010 01:24:46.152"/>
</kw>
<msg timestamp="20231010 01:24:46.152" level="INFO">${prices} = None</msg>
<status status="PASS" starttime="20231010 01:24:46.151" endtime="20231010 01:24:46.152"/>
</kw>
<kw name="Then Prices Should Be in Ascending Order" library="sort_by_lowest_price_resource">
<kw name="Execute Javascript" library="SeleniumLibrary">
<arg>window.scrollTo(0,200)</arg>
<doc>Executes the given JavaScript code with possible arguments.</doc>
<msg timestamp="20231010 01:24:46.153" level="INFO">Executing JavaScript:
window.scrollTo(0,200)
Without any arguments.</msg>
<status status="PASS" starttime="20231010 01:24:46.152" endtime="20231010 01:24:46.164"/>
</kw>
<kw name="Scroll Element Into View" library="SeleniumLibrary">
<arg>//a[@href='/shop/?orderby=price&amp;add-to-cart=169']</arg>
<doc>Scrolls the element identified by ``locator`` into view.</doc>
<status status="PASS" starttime="20231010 01:24:46.164" endtime="20231010 01:24:46.447"/>
</kw>
<kw name="Sleep" library="BuiltIn">
<arg>2s</arg>
<doc>Pauses the test executed for the given time.</doc>
<msg timestamp="20231010 01:24:48.447" level="INFO">Slept 2 seconds</msg>
<status status="PASS" starttime="20231010 01:24:46.447" endtime="20231010 01:24:48.447"/>
</kw>
<status status="PASS" starttime="20231010 01:24:46.152" endtime="20231010 01:24:48.448"/>
</kw>
<kw name="Close the navegador" library="sort_by_lowest_price_resource" type="TEARDOWN">
<kw name="Capture Page Screenshot" library="SeleniumLibrary">
<doc>Takes a screenshot of the current page and embeds it into a log file.</doc>
<msg timestamp="20231010 01:24:48.618" level="INFO" html="true">&lt;/td&gt;&lt;/tr&gt;&lt;tr&gt;&lt;td colspan="3"&gt;&lt;a href="selenium-screenshot-1.png"&gt;&lt;img src="selenium-screenshot-1.png" width="800px"&gt;&lt;/a&gt;</msg>
<status status="PASS" starttime="20231010 01:24:48.449" endtime="20231010 01:24:48.618"/>
</kw>
<kw name="Close Browser" library="SeleniumLibrary">
<doc>Closes the current browser.</doc>
<status status="PASS" starttime="20231010 01:24:48.618" endtime="20231010 01:24:48.684"/>
</kw>
<status status="PASS" starttime="20231010 01:24:48.448" endtime="20231010 01:24:48.684"/>
</kw>
<doc>This test case verifies the functionality to sort products by the lowest price and ensure they are displayed in ascending price order.</doc>
<tag>price-order</tag>
<tag>sorting</tag>
<status status="PASS" starttime="20231010 01:24:29.092" endtime="20231010 01:24:48.684"/>
</test>
<doc>Verify the functionality to sort products by the lowest price and ensure they are displayed in ascending price order.</doc>
<status status="PASS" starttime="20231010 01:24:29.005" endtime="20231010 01:24:48.685"/>
</suite>
<statistics>
<total>
<stat pass="1" fail="0" skip="0">All Tests</stat>
</total>
<tag>
<stat pass="1" fail="0" skip="0">price-order</stat>
<stat pass="1" fail="0" skip="0">sorting</stat>
</tag>
<suite>
<stat pass="1" fail="0" skip="0" id="s1" name="Sort By Lowest Price">Sort By Lowest Price</stat>
</suite>
</statistics>
<errors>
</errors>
</robot>
